usage: plotHeatmap [--matrixFile MATRIXFILE] --outFileName OUTFILENAME
                   [--outFileSortedRegions FILE] [--outFileNameMatrix FILE]
                   [--interpolationMethod STR] [--dpi DPI] [--kmeans KMEANS]
                   [--hclust HCLUST] [--silhouette] [--help] [--version]
                   [--plotType {lines,fill,se,std}]
                   [--sortRegions {descend,ascend,no,keep}]
                   [--sortUsing {mean,median,max,min,sum,region_length}]
                   [--sortUsingSamples SORTUSINGSAMPLES [SORTUSINGSAMPLES ...]]
                   [--linesAtTickMarks]
                   [--clusterUsingSamples CLUSTERUSINGSAMPLES [CLUSTERUSINGSAMPLES ...]]
                   [--averageTypeSummaryPlot {mean,median,min,max,std,sum}]
                   [--missingDataColor MISSINGDATACOLOR]
                   [--colorMap COLORMAP [COLORMAP ...]] [--alpha ALPHA]
                   [--colorList COLORLIST [COLORLIST ...]]
                   [--colorNumber COLORNUMBER] [--zMin ZMIN [ZMIN ...]]
                   [--zMax ZMAX [ZMAX ...]] [--heatmapHeight HEATMAPHEIGHT]
                   [--heatmapWidth HEATMAPWIDTH]
                   [--whatToShow {plot, heatmap and colorbar,plot and heatmap,heatmap only,heatmap and colorbar}]
                   [--boxAroundHeatmaps BOXAROUNDHEATMAPS]
                   [--xAxisLabel XAXISLABEL] [--startLabel STARTLABEL]
                   [--endLabel ENDLABEL] [--refPointLabel REFPOINTLABEL]
                   [--labelRotation LABEL_ROTATION]
                   [--regionsLabel REGIONSLABEL [REGIONSLABEL ...]]
                   [--samplesLabel SAMPLESLABEL [SAMPLESLABEL ...]]
                   [--plotTitle PLOTTITLE] [--yAxisLabel YAXISLABEL]
                   [--yMin YMIN [YMIN ...]] [--yMax YMAX [YMAX ...]]
                   [--legendLocation {best,upper-right,upper-left,upper-center,lower-left,lower-right,lower-center,center,center-left,center-right,none}]
                   [--perGroup] [--plotFileFormat] [--verbose]
plotHeatmap: error: unrecognized arguments: Reds
